<?xml version="1.0" encoding="UTF-8"?>
<!-- Generated by org.testng.reporters.JUnitReportReporter -->
<testsuite skipped="0" hostname="TYSS-Sumanth" name="profile.TC_Profile_002_Test" tests="1" failures="0" timestamp="2022-08-01T15:46:45 IST" time="13.898" errors="0">
  <testcase name="createTasks" time="13.898" classname="profile.TC_Profile_002_Test"/>
  <system-out/>
</testsuite> <!-- profile.TC_Profile_002_Test -->
