<?xml version="1.0" encoding="UTF-8"?>
<!-- Generated by org.testng.reporters.JUnitReportReporter -->
<testsuite skipped="0" hostname="TYSS-Sumanth" name="mavenParameter.ToReadDataFromMaven" tests="1" failures="0" timestamp="2022-08-01T15:39:17 IST" time="0.015" errors="0">
  <testcase name="readData" time="0.015" classname="mavenParameter.ToReadDataFromMaven"/>
  <system-out/>
</testsuite> <!-- mavenParameter.ToReadDataFromMaven -->
