<?xml version="1.0" encoding="UTF-8"?>
<!-- Generated by org.testng.reporters.JUnitReportReporter -->
<testsuite skipped="0" hostname="TYSS-Sumanth" name="tasks.TC_Tasks_001_Test" tests="1" failures="0" timestamp="2022-08-03T11:49:21 IST" time="3.437" errors="0">
  <testcase name="createTasks" time="3.437" classname="tasks.TC_Tasks_001_Test"/>
  <system-out/>
</testsuite> <!-- tasks.TC_Tasks_001_Test -->
