<?xml version="1.0" encoding="UTF-8"?>
<!-- Generated by org.testng.reporters.JUnitReportReporter -->
<testsuite skipped="0" hostname="TYSS-Sumanth" name="profile.TC_Profile_002_Test" tests="1" failures="0" timestamp="2022-08-03T11:49:21 IST" time="3.178" errors="0">
  <testcase name="createTasks" time="3.178" classname="profile.TC_Profile_002_Test"/>
  <system-out/>
</testsuite> <!-- profile.TC_Profile_002_Test -->
